[2021-12-02 15:34:01.285520] (info): listen on 10000
[2021-12-02 15:34:01.285635] (info): Starting coordinator
[2021-12-02 15:34:03.303489] (trace): async_accept
[2021-12-02 15:34:03.304037] (trace): Put /register
[2021-12-02 15:34:03.304326] (info): Registered executer: 10.200.125.45:12000
[2021-12-02 15:34:05.272411] (trace): async_accept
[2021-12-02 15:34:05.272791] (trace): Put /register
[2021-12-02 15:34:05.272931] (info): Registered executer: 10.200.125.42:12000
[2021-12-02 15:34:07.305279] (trace): async_accept
[2021-12-02 15:34:07.305542] (trace): Get /function
[2021-12-02 15:34:10.690473] (trace): async_accept
[2021-12-02 15:34:10.690727] (trace): Get /init
[2021-12-02 15:34:10.690793] (trace): converted base64: null
[2021-12-02 15:34:10.690850] (trace): backstream.async_connect
[2021-12-02 15:34:10.691440] (trace): backstream.async_write
[2021-12-02 15:34:10.691703] (trace): backstream.async_read
[2021-12-02 15:34:10.693365] (trace): async_accept
[2021-12-02 15:34:10.693693] (trace): Get /function
[2021-12-02 15:34:10.693733] (info): sending function zip: e502faa2-9682-4b38-9eaf-ca4d55efb08f
[2021-12-02 15:34:10.937561] (trace): async_accept
[2021-12-02 15:34:10.937890] (trace): Put /value
[2021-12-02 15:34:10.938041] (trace): Put {"value": [[2.2, 1.21, 1.21], [3.2, 2.22, 1.21], [0.2, 2.21, 2.21], [2.2, 4.21, 1.21]], "key": "model"}
[2021-12-02 15:34:10.938160] (trace): Insert e502faa2-9682-4b38-9eaf-ca4d55efb08f[model] = [[2.2E0,1.21E0,1.21E0],[3.2E0,2.22E0,1.21E0],[2E-1,2.21E0,2.21E0],[2.2E0,4.21E0,1.21E0]]
[2021-12-02 15:34:10.941330] (trace): async_accept
[2021-12-02 15:34:10.941587] (trace): Put /value
[2021-12-02 15:34:10.941700] (trace): Put {"value": 0, "key": "ROUND"}
[2021-12-02 15:34:10.941760] (trace): Insert e502faa2-9682-4b38-9eaf-ca4d55efb08f[ROUND] = 0
[2021-12-02 15:34:10.944879] (trace): async_accept
[2021-12-02 15:34:10.945066] (trace): Put /value
[2021-12-02 15:34:10.945164] (trace): Put {"value": 0.2, "key": "alpha"}
[2021-12-02 15:34:10.945217] (trace): Insert e502faa2-9682-4b38-9eaf-ca4d55efb08f[alpha] = 2E-1
[2021-12-02 15:34:12.963760] (trace): async_accept
[2021-12-02 15:34:12.964010] (trace): Get /getRound
[2021-12-02 15:34:12.964069] (trace): converted base64: null
[2021-12-02 15:34:12.964177] (trace): backstream.async_connect
[2021-12-02 15:34:12.964587] (trace): backstream.async_write
[2021-12-02 15:34:12.964799] (trace): backstream.async_read
[2021-12-02 15:34:13.145034] (trace): async_accept
[2021-12-02 15:34:13.145293] (trace): Get /value
[2021-12-02 15:34:13.145334] (trace): sending 
[2021-12-02 15:34:13.145355] (trace): sending e502faa2-9682-4b38-9eaf-ca4d55efb08f[ROUND] = 0
[2021-12-02 15:34:13.162831] (trace): async_accept
[2021-12-02 15:34:13.162986] (trace): Get /getModel
[2021-12-02 15:34:13.163028] (trace): converted base64: null
[2021-12-02 15:34:13.163091] (trace): backstream.async_connect
[2021-12-02 15:34:13.163386] (trace): backstream.async_write
[2021-12-02 15:34:13.163561] (trace): backstream.async_read
[2021-12-02 15:34:13.325998] (trace): async_accept
[2021-12-02 15:34:13.326221] (trace): Get /getRound
[2021-12-02 15:34:13.326265] (trace): converted base64: null
[2021-12-02 15:34:13.326325] (trace): backstream.async_connect
[2021-12-02 15:34:13.326640] (trace): backstream.async_write
[2021-12-02 15:34:13.326830] (trace): backstream.async_read
[2021-12-02 15:34:13.340296] (trace): async_accept
[2021-12-02 15:34:13.340512] (trace): Get /value
[2021-12-02 15:34:13.340549] (trace): sending 
[2021-12-02 15:34:13.340569] (trace): sending e502faa2-9682-4b38-9eaf-ca4d55efb08f[model] = [[2.2E0,1.21E0,1.21E0],[3.2E0,2.22E0,1.21E0],[2E-1,2.21E0,2.21E0],[2.2E0,4.21E0,1.21E0]]
[2021-12-02 15:34:13.502809] (trace): async_accept
[2021-12-02 15:34:13.503040] (trace): Get /value
[2021-12-02 15:34:13.503109] (trace): sending 
[2021-12-02 15:34:13.503136] (trace): sending e502faa2-9682-4b38-9eaf-ca4d55efb08f[ROUND] = 0
[2021-12-02 15:34:13.869961] (trace): async_accept
[2021-12-02 15:34:13.870221] (trace): Get /getModel
[2021-12-02 15:34:13.870267] (trace): converted base64: null
[2021-12-02 15:34:13.870317] (trace): backstream.async_connect
[2021-12-02 15:34:13.870742] (trace): backstream.async_write
[2021-12-02 15:34:13.870948] (trace): backstream.async_read
[2021-12-02 15:34:14.047926] (trace): async_accept
[2021-12-02 15:34:14.048178] (trace): Get /value
[2021-12-02 15:34:14.048219] (trace): sending 
[2021-12-02 15:34:14.048240] (trace): sending e502faa2-9682-4b38-9eaf-ca4d55efb08f[model] = [[2.2E0,1.21E0,1.21E0],[3.2E0,2.22E0,1.21E0],[2E-1,2.21E0,2.21E0],[2.2E0,4.21E0,1.21E0]]
[2021-12-02 15:34:15.360628] (trace): async_accept
[2021-12-02 15:34:15.360894] (trace): Get /clientUpload
[2021-12-02 15:34:15.360976] (trace): converted base64: eyJtb2RlbCI6IFtbMC42NywgMC44OCwgMC44NF0sIFswLjk0LCAwLjMyLCAwLjI3XSwgWzAuMTEsIDAuNjgsIDAuOV0sIFswLjc5LCAwLjQzLCAwLjE1XV0sICJyb3VuZCI6IDB9
[2021-12-02 15:34:15.361036] (trace): backstream.async_connect
[2021-12-02 15:34:15.361448] (trace): backstream.async_write
[2021-12-02 15:34:15.361648] (trace): backstream.async_read
[2021-12-02 15:34:15.552636] (trace): async_accept
[2021-12-02 15:34:15.552870] (trace): Put /bucket
[2021-12-02 15:34:15.552964] (trace): Put {"value": [[0.67, 0.88, 0.84], [0.94, 0.32, 0.27], [0.11, 0.68, 0.9], [0.79, 0.43, 0.15]], "key": "round0"}
[2021-12-02 15:34:15.553023] (trace): Insert e502faa2-9682-4b38-9eaf-ca4d55efb08f[round0] = [[6.7E-1,8.8E-1,8.4E-1],[9.4E-1,3.2E-1,2.7E-1],[1.1E-1,6.8E-1,9E-1],[7.9E-1,4.3E-1,1.5E-1]]
[2021-12-02 15:34:15.556357] (trace): async_accept
[2021-12-02 15:34:15.556566] (trace): Get /bucket/count
[2021-12-02 15:34:15.556621] (trace): sending 
[2021-12-02 15:34:15.556650] (trace): bucket [round0] 1
[2021-12-02 15:34:15.573187] (trace): async_accept
[2021-12-02 15:34:15.573341] (trace): Get /getRound
[2021-12-02 15:34:15.573382] (trace): converted base64: null
[2021-12-02 15:34:15.573428] (trace): backstream.async_connect
[2021-12-02 15:34:15.573694] (trace): backstream.async_write
[2021-12-02 15:34:15.573869] (trace): backstream.async_read
[2021-12-02 15:34:15.746586] (trace): async_accept
[2021-12-02 15:34:15.746866] (trace): Get /value
[2021-12-02 15:34:15.746906] (trace): sending 
[2021-12-02 15:34:15.746927] (trace): sending e502faa2-9682-4b38-9eaf-ca4d55efb08f[ROUND] = 0
[2021-12-02 15:34:15.763767] (trace): async_accept
[2021-12-02 15:34:15.763929] (trace): Get /getModel
[2021-12-02 15:34:15.763970] (trace): converted base64: null
[2021-12-02 15:34:15.764019] (trace): backstream.async_connect
[2021-12-02 15:34:15.764340] (trace): backstream.async_write
[2021-12-02 15:34:15.764511] (trace): backstream.async_read
[2021-12-02 15:34:15.938312] (trace): async_accept
[2021-12-02 15:34:15.938573] (trace): Get /value
[2021-12-02 15:34:15.938613] (trace): sending 
[2021-12-02 15:34:15.938634] (trace): sending e502faa2-9682-4b38-9eaf-ca4d55efb08f[model] = [[2.2E0,1.21E0,1.21E0],[3.2E0,2.22E0,1.21E0],[2E-1,2.21E0,2.21E0],[2.2E0,4.21E0,1.21E0]]
[2021-12-02 15:34:17.959251] (trace): async_accept
[2021-12-02 15:34:17.959498] (trace): Get /clientUpload
[2021-12-02 15:34:17.959572] (trace): converted base64: eyJtb2RlbCI6IFtbMC40NiwgMC4zOCwgMS4wXSwgWzAuNzcsIDAuMzEsIDAuMTNdLCBbMC4zMywgMC44OCwgMC4wNF0sIFswLjIyLCAwLjc2LCAwLjk3XV0sICJyb3VuZCI6IDB9
[2021-12-02 15:34:17.959626] (trace): backstream.async_connect
[2021-12-02 15:34:17.960056] (trace): backstream.async_write
[2021-12-02 15:34:17.960311] (trace): backstream.async_read
[2021-12-02 15:34:18.138117] (trace): async_accept
[2021-12-02 15:34:18.138423] (trace): Put /bucket
[2021-12-02 15:34:18.138522] (trace): Put {"value": [[0.46, 0.38, 1.0], [0.77, 0.31, 0.13], [0.33, 0.88, 0.04], [0.22, 0.76, 0.97]], "key": "round0"}
[2021-12-02 15:34:18.138584] (trace): Insert e502faa2-9682-4b38-9eaf-ca4d55efb08f[round0] = [[4.6E-1,3.8E-1,1E0],[7.7E-1,3.1E-1,1.3E-1],[3.3E-1,8.8E-1,4E-2],[2.2E-1,7.6E-1,9.7E-1]]
[2021-12-02 15:34:18.142543] (trace): async_accept
[2021-12-02 15:34:18.142749] (trace): Get /bucket/count
[2021-12-02 15:34:18.142786] (trace): sending 
[2021-12-02 15:34:18.142812] (trace): bucket [round0] 2
[2021-12-02 15:34:18.159724] (trace): async_accept
[2021-12-02 15:34:18.159858] (trace): Get /getRound
[2021-12-02 15:34:18.159911] (trace): converted base64: null
[2021-12-02 15:34:18.159958] (trace): backstream.async_connect
[2021-12-02 15:34:18.160238] (trace): backstream.async_write
[2021-12-02 15:34:18.160439] (trace): backstream.async_read
[2021-12-02 15:34:18.339818] (trace): async_accept
[2021-12-02 15:34:18.340101] (trace): Get /value
[2021-12-02 15:34:18.340139] (trace): sending 
[2021-12-02 15:34:18.340161] (trace): sending e502faa2-9682-4b38-9eaf-ca4d55efb08f[ROUND] = 0
[2021-12-02 15:34:18.356709] (trace): async_accept
[2021-12-02 15:34:18.356878] (trace): Get /getModel
[2021-12-02 15:34:18.356919] (trace): converted base64: null
[2021-12-02 15:34:18.356966] (trace): backstream.async_connect
[2021-12-02 15:34:18.357236] (trace): backstream.async_write
[2021-12-02 15:34:18.357422] (trace): backstream.async_read
[2021-12-02 15:34:18.537591] (trace): async_accept
[2021-12-02 15:34:18.537892] (trace): Get /value
[2021-12-02 15:34:18.537932] (trace): sending 
[2021-12-02 15:34:18.537953] (trace): sending e502faa2-9682-4b38-9eaf-ca4d55efb08f[model] = [[2.2E0,1.21E0,1.21E0],[3.2E0,2.22E0,1.21E0],[2E-1,2.21E0,2.21E0],[2.2E0,4.21E0,1.21E0]]
[2021-12-02 15:34:20.556949] (trace): async_accept
[2021-12-02 15:34:20.557202] (trace): Get /clientUpload
[2021-12-02 15:34:20.557283] (trace): converted base64: eyJtb2RlbCI6IFtbMC4wNiwgMC42LCAwLjY2XSwgWzAuMDgsIDAuMDIsIDAuMzhdLCBbMC44LCAwLjQxLCAwLjUzXSwgWzAuNDQsIDAuMDEsIDAuNjFdXSwgInJvdW5kIjogMH0=
[2021-12-02 15:34:20.557339] (trace): backstream.async_connect
[2021-12-02 15:34:20.557704] (trace): backstream.async_write
[2021-12-02 15:34:20.557889] (trace): backstream.async_read
[2021-12-02 15:34:20.737266] (trace): async_accept
[2021-12-02 15:34:20.737509] (trace): Put /bucket
[2021-12-02 15:34:20.737604] (trace): Put {"value": [[0.06, 0.6, 0.66], [0.08, 0.02, 0.38], [0.8, 0.41, 0.53], [0.44, 0.01, 0.61]], "key": "round0"}
[2021-12-02 15:34:20.737663] (trace): Insert e502faa2-9682-4b38-9eaf-ca4d55efb08f[round0] = [[6E-2,6E-1,6.6E-1],[8E-2,2E-2,3.8E-1],[8E-1,4.1E-1,5.3E-1],[4.4E-1,1E-2,6.1E-1]]
[2021-12-02 15:34:20.741027] (trace): async_accept
[2021-12-02 15:34:20.741242] (trace): Get /bucket/count
[2021-12-02 15:34:20.741279] (trace): sending 
[2021-12-02 15:34:20.741304] (trace): bucket [round0] 3
[2021-12-02 15:34:20.758291] (trace): async_accept
[2021-12-02 15:34:20.758424] (trace): Get /getRound
[2021-12-02 15:34:20.758464] (trace): converted base64: null
[2021-12-02 15:34:20.758507] (trace): backstream.async_connect
[2021-12-02 15:34:20.758799] (trace): backstream.async_write
[2021-12-02 15:34:20.758978] (trace): backstream.async_read
[2021-12-02 15:34:20.940548] (trace): async_accept
[2021-12-02 15:34:20.940820] (trace): Get /value
[2021-12-02 15:34:20.940860] (trace): sending 
[2021-12-02 15:34:20.940881] (trace): sending e502faa2-9682-4b38-9eaf-ca4d55efb08f[ROUND] = 0
[2021-12-02 15:34:20.957927] (trace): async_accept
[2021-12-02 15:34:20.958093] (trace): Get /getModel
[2021-12-02 15:34:20.958145] (trace): converted base64: null
[2021-12-02 15:34:20.958196] (trace): backstream.async_connect
[2021-12-02 15:34:20.958460] (trace): backstream.async_write
[2021-12-02 15:34:20.958648] (trace): backstream.async_read
[2021-12-02 15:34:21.134233] (trace): async_accept
[2021-12-02 15:34:21.134460] (trace): Get /value
[2021-12-02 15:34:21.134499] (trace): sending 
[2021-12-02 15:34:21.134518] (trace): sending e502faa2-9682-4b38-9eaf-ca4d55efb08f[model] = [[2.2E0,1.21E0,1.21E0],[3.2E0,2.22E0,1.21E0],[2E-1,2.21E0,2.21E0],[2.2E0,4.21E0,1.21E0]]
[2021-12-02 15:34:23.153574] (trace): async_accept
[2021-12-02 15:34:23.153835] (trace): Get /clientUpload
[2021-12-02 15:34:23.153909] (trace): converted base64: eyJtb2RlbCI6IFtbMC4wOCwgMC42NSwgMC44NF0sIFswLjQ2LCAwLjI4LCAwLjA2XSwgWzAuMDUsIDAuNDMsIDAuMjVdLCBbMC4zOCwgMC4zLCAwLjM4XV0sICJyb3VuZCI6IDB9
[2021-12-02 15:34:23.153980] (trace): backstream.async_connect
[2021-12-02 15:34:23.154432] (trace): backstream.async_write
[2021-12-02 15:34:23.154653] (trace): backstream.async_read
[2021-12-02 15:34:23.336977] (trace): async_accept
[2021-12-02 15:34:23.337242] (trace): Put /bucket
[2021-12-02 15:34:23.337335] (trace): Put {"value": [[0.08, 0.65, 0.84], [0.46, 0.28, 0.06], [0.05, 0.43, 0.25], [0.38, 0.3, 0.38]], "key": "round0"}
[2021-12-02 15:34:23.337393] (trace): Insert e502faa2-9682-4b38-9eaf-ca4d55efb08f[round0] = [[8E-2,6.5E-1,8.4E-1],[4.6E-1,2.8E-1,6E-2],[5E-2,4.3E-1,2.5E-1],[3.8E-1,3E-1,3.8E-1]]
[2021-12-02 15:34:23.340548] (trace): async_accept
[2021-12-02 15:34:23.340713] (trace): Get /bucket/count
[2021-12-02 15:34:23.340751] (trace): sending 
[2021-12-02 15:34:23.340776] (trace): bucket [round0] 4
[2021-12-02 15:34:23.357104] (trace): async_accept
[2021-12-02 15:34:23.357261] (trace): Get /getRound
[2021-12-02 15:34:23.357301] (trace): converted base64: null
[2021-12-02 15:34:23.357345] (trace): backstream.async_connect
[2021-12-02 15:34:23.357666] (trace): backstream.async_write
[2021-12-02 15:34:23.357862] (trace): backstream.async_read
[2021-12-02 15:34:23.543103] (trace): async_accept
[2021-12-02 15:34:23.543331] (trace): Get /value
[2021-12-02 15:34:23.543370] (trace): sending 
[2021-12-02 15:34:23.543390] (trace): sending e502faa2-9682-4b38-9eaf-ca4d55efb08f[ROUND] = 0
[2021-12-02 15:34:23.560041] (trace): async_accept
[2021-12-02 15:34:23.560215] (trace): Get /getModel
[2021-12-02 15:34:23.560256] (trace): converted base64: null
[2021-12-02 15:34:23.560304] (trace): backstream.async_connect
[2021-12-02 15:34:23.560597] (trace): backstream.async_write
[2021-12-02 15:34:23.560804] (trace): backstream.async_read
[2021-12-02 15:34:23.741513] (trace): async_accept
[2021-12-02 15:34:23.741840] (trace): Get /value
[2021-12-02 15:34:23.741892] (trace): sending 
[2021-12-02 15:34:23.741921] (trace): sending e502faa2-9682-4b38-9eaf-ca4d55efb08f[model] = [[2.2E0,1.21E0,1.21E0],[3.2E0,2.22E0,1.21E0],[2E-1,2.21E0,2.21E0],[2.2E0,4.21E0,1.21E0]]
[2021-12-02 15:34:25.762390] (trace): async_accept
[2021-12-02 15:34:25.762685] (trace): Get /clientUpload
[2021-12-02 15:34:25.762822] (trace): converted base64: eyJtb2RlbCI6IFtbMC4wOSwgMC4xOSwgMC45OV0sIFswLjE2LCAwLjM3LCAwLjEzXSwgWzAuNjIsIDAuMjIsIDAuNzNdLCBbMC4wNiwgMC43MiwgMS4wXV0sICJyb3VuZCI6IDB9
[2021-12-02 15:34:25.762899] (trace): backstream.async_connect
[2021-12-02 15:34:25.763310] (trace): backstream.async_write
[2021-12-02 15:34:25.763527] (trace): backstream.async_read
[2021-12-02 15:34:25.943271] (trace): async_accept
[2021-12-02 15:34:25.943511] (trace): Put /bucket
[2021-12-02 15:34:25.943604] (trace): Put {"value": [[0.09, 0.19, 0.99], [0.16, 0.37, 0.13], [0.62, 0.22, 0.73], [0.06, 0.72, 1.0]], "key": "round0"}
[2021-12-02 15:34:25.943664] (trace): Insert e502faa2-9682-4b38-9eaf-ca4d55efb08f[round0] = [[9E-2,1.9E-1,9.9E-1],[1.6E-1,3.7E-1,1.3E-1],[6.2E-1,2.2E-1,7.3E-1],[6E-2,7.2E-1,1E0]]
[2021-12-02 15:34:25.946964] (trace): async_accept
[2021-12-02 15:34:25.947152] (trace): Get /bucket/count
[2021-12-02 15:34:25.947190] (trace): sending 
[2021-12-02 15:34:25.947216] (trace): bucket [round0] 5
